Application     /storage/emulated/0/Android/data/gov.census.cspro.csentry/files/csentry/FEICOM2025/MASQUE/ENTRY/CHEFFERIE.ent
Type            ENTRY
Input Data      <<CSPro DB>> /storage/emulated/0/Android/data/gov.census.cspro.csentry/files/csentry/FEICOM2025/MASQUE/DATA/CHE1211.csdb

Date            May 10, 2025
Start Time      10:08:02
End Time        10:22:20


User numbered messages:

  Number        Freq    %    Message Text                                                                          Denom
  ------        ----  -----  ------------                                                                          -----
       1           1      -  Nom trop court                                                                            -


CSPro Executor Normal End
------------------------------------------------------------------------------------------------------------------------
Application     /storage/emulated/0/Android/data/gov.census.cspro.csentry/files/csentry/FEICOM2025/MASQUE/ENTRY/CHEFFERIE.ent
Type            ENTRY
Input Data      <<CSPro DB>> /storage/emulated/0/Android/data/gov.census.cspro.csentry/files/csentry/FEICOM2025/MASQUE/DATA/CHE1211.csdb

Date            May 10, 2025
Start Time      11:12:29
End Time        11:21:30


User unnumbered messages:

    Line        Freq    %    Message Text                                                                          Denom
    ----        ----  -----  ------------                                                                          -----
     445           1      -  Votre questionnaire a été bien enregistré                                                 -


CSPro Executor Normal End
------------------------------------------------------------------------------------------------------------------------
Application     /storage/emulated/0/Android/data/gov.census.cspro.csentry/files/csentry/FEICOM2025/MASQUE/ENTRY/CHEFFERIE.ent
Type            ENTRY
Input Data      <<CSPro DB>> /storage/emulated/0/Android/data/gov.census.cspro.csentry/files/csentry/FEICOM2025/MASQUE/DATA/CHE1211.csdb

Date            May 10, 2025
Start Time      11:22:36
End Time        11:23:05


User numbered messages:

  Number        Freq    %    Message Text                                                                          Denom
  ------        ----  -----  ------------                                                                          -----
       1           2      -  Nom trop court                                                                            -


CSPro Executor Normal End
------------------------------------------------------------------------------------------------------------------------
Application     /storage/emulated/0/Android/data/gov.census.cspro.csentry/files/csentry/FEICOM2025/MASQUE/ENTRY/CHEFFERIE.ent
Type            ENTRY
Input Data      <<CSPro DB>> /storage/emulated/0/Android/data/gov.census.cspro.csentry/files/csentry/FEICOM2025/MASQUE/DATA/CHE1211.csdb

Date            May 10, 2025
Start Time      11:23:07
End Time        11:25:08


System messages:

  Number        Freq         Message Text                                                                               
  ------        ----         ------------                                                                               
   91176           1         Unable to 'advance to %s' - target-item is located backward in the flow {in %p}            

User numbered messages:

  Number        Freq    %    Message Text                                                                          Denom
  ------        ----  -----  ------------                                                                          -----
       1           2      -  Nom trop court                                                                            -

User unnumbered messages:

    Line        Freq    %    Message Text                                                                          Denom
    ----        ----  -----  ------------                                                                          -----
     445           1      -  Votre questionnaire a été bien enregistré                                                 -


CSPro Executor Normal End
------------------------------------------------------------------------------------------------------------------------
Application     /storage/emulated/0/Android/data/gov.census.cspro.csentry/files/csentry/FEICOM2025/MASQUE/ENTRY/CHEFFERIE.ent
Type            ENTRY
Input Data      <<CSPro DB>> /storage/emulated/0/Android/data/gov.census.cspro.csentry/files/csentry/FEICOM2025/MASQUE/DATA/CHE1211.csdb

Date            May 10, 2025
Start Time      11:25:24
End Time        11:25:51


System messages:

  Number        Freq         Message Text                                                                               
  ------        ----         ------------                                                                               
   91176           1         Unable to 'advance to %s' - target-item is located backward in the flow {in %p}            

User numbered messages:

  Number        Freq    %    Message Text                                                                          Denom
  ------        ----  -----  ------------                                                                          -----
       1           2      -  Nom trop court                                                                            -

User unnumbered messages:

    Line        Freq    %    Message Text                                                                          Denom
    ----        ----  -----  ------------                                                                          -----
     445           2      -  Votre questionnaire a été bien enregistré                                                 -


CSPro Executor Normal End
------------------------------------------------------------------------------------------------------------------------
