Application     /storage/emulated/0/Android/data/gov.census.cspro.csentry/files/csentry/FEICOM2025/MASQUE/ENTRY/CHEFFERIE.ent
Type            ENTRY
Input Data      <<CSPro DB>> /storage/emulated/0/Android/data/gov.census.cspro.csentry/files/csentry/FEICOM2025/MASQUE/DATA/CHE1613.csdb

Date            May 10, 2025
Start Time      10:08:14
End Time        10:59:36


User numbered messages:

  Number        Freq    %    Message Text                                                                          Denom
  ------        ----  -----  ------------                                                                          -----
       1           1      -  Nom trop court                                                                            -


CSPro Executor Normal End
------------------------------------------------------------------------------------------------------------------------
Application     /storage/emulated/0/Android/data/gov.census.cspro.csentry/files/csentry/FEICOM2025/MASQUE/ENTRY/CHEFFERIE.ent
Type            ENTRY
Input Data      <<CSPro DB>> /storage/emulated/0/Android/data/gov.census.cspro.csentry/files/csentry/FEICOM2025/MASQUE/DATA/CHE1613.csdb

Date            May 10, 2025
Start Time      11:15:29
End Time        11:23:10


User unnumbered messages:

    Line        Freq    %    Message Text                                                                          Denom
    ----        ----  -----  ------------                                                                          -----
     445           1      -  Votre questionnaire a été bien enregistré                                                 -


CSPro Executor Normal End
------------------------------------------------------------------------------------------------------------------------
Application     /storage/emulated/0/Android/data/gov.census.cspro.csentry/files/csentry/FEICOM2025/MASQUE/ENTRY/CHEFFERIE.ent
Type            ENTRY
Input Data      <<CSPro DB>> /storage/emulated/0/Android/data/gov.census.cspro.csentry/files/csentry/FEICOM2025/MASQUE/DATA/CHE1613.csdb

Date            May 10, 2025
Start Time      11:27:27
End Time        11:39:56


User numbered messages:

  Number        Freq    %    Message Text                                                                          Denom
  ------        ----  -----  ------------                                                                          -----
       1           1      -  Nom trop court                                                                            -

User unnumbered messages:

    Line        Freq    %    Message Text                                                                          Denom
    ----        ----  -----  ------------                                                                          -----
     445           1      -  Votre questionnaire a été bien enregistré                                                 -


CSPro Executor Normal End
------------------------------------------------------------------------------------------------------------------------
