Application     /storage/emulated/0/Android/data/gov.census.cspro.csentry/files/csentry/FEICOM2025/MASQUE/ENTRY/CHEFFERIE.ent
Type            ENTRY
Input Data      <<CSPro DB>> /storage/emulated/0/Android/data/gov.census.cspro.csentry/files/csentry/FEICOM2025/MASQUE/DATA/CHE1113.csdb

Date            May 10, 2025
Start Time      10:08:02
End Time        10:59:16


System messages:

  Number        Freq         Message Text                                                                               
  ------        ----         ------------                                                                               
   88889           3         ATTENTION: Hors valeurs valides! Entrer une valeur valide pour %s%s                        
   99990           3         Operator entered a value out of range                                                      


CSPro Executor Normal End
------------------------------------------------------------------------------------------------------------------------
Application     /storage/emulated/0/Android/data/gov.census.cspro.csentry/files/csentry/FEICOM2025/MASQUE/ENTRY/CHEFFERIE.ent
Type            ENTRY
Input Data      <<CSPro DB>> /storage/emulated/0/Android/data/gov.census.cspro.csentry/files/csentry/FEICOM2025/MASQUE/DATA/CHE1113.csdb

Date            May 10, 2025
Start Time      11:15:37
End Time        11:34:17


User unnumbered messages:

    Line        Freq    %    Message Text                                                                          Denom
    ----        ----  -----  ------------                                                                          -----
     445           1      -  Votre questionnaire a été bien enregistré                                                 -


CSPro Executor Normal End
------------------------------------------------------------------------------------------------------------------------
