Application     /storage/emulated/0/Android/data/gov.census.cspro.csentry/files/csentry/FEICOM2025/MASQUE/ENTRY/ECMAIRE.ent
Type            ENTRY
Input Data      <<CSPro DB>> /storage/emulated/0/Android/data/gov.census.cspro.csentry/files/csentry/FEICOM2025/MASQUE/DATA/ECMA1415.csdb

Date            May 10, 2025
Start Time      11:45:05
End Time        12:08:59


System messages:

  Number        Freq         Message Text                                                                               
  ------        ----         ------------                                                                               
   88889           2         ATTENTION: Hors valeurs valides! Entrer une valeur valide pour %s%s                        
   99990           2         Operator entered a value out of range                                                      

User unnumbered messages:

    Line        Freq    %    Message Text                                                                          Denom
    ----        ----  -----  ------------                                                                          -----
     447           1      -  Votre questionnaire a été bien enregistré                                                 -


CSPro Executor Normal End
------------------------------------------------------------------------------------------------------------------------
Application     /storage/emulated/0/Android/data/gov.census.cspro.csentry/files/csentry/FEICOM2025/MASQUE/ENTRY/ECMAIRE.ent
Type            ENTRY
Input Data      <<CSPro DB>> /storage/emulated/0/Android/data/gov.census.cspro.csentry/files/csentry/FEICOM2025/MASQUE/DATA/ECMA1415.csdb

Date            May 10, 2025
Start Time      12:09:02
End Time        12:09:04


System messages:

  Number        Freq         Message Text                                                                               
  ------        ----         ------------                                                                               
   88889           2         ATTENTION: Hors valeurs valides! Entrer une valeur valide pour %s%s                        
   99990           2         Operator entered a value out of range                                                      

User unnumbered messages:

    Line        Freq    %    Message Text                                                                          Denom
    ----        ----  -----  ------------                                                                          -----
     447           1      -  Votre questionnaire a été bien enregistré                                                 -


CSPro Executor Normal End
------------------------------------------------------------------------------------------------------------------------
