Application     /storage/emulated/0/Android/data/gov.census.cspro.csentry/files/csentry/FEICOM2025/MASQUE/ENTRY/ENSEIGNANT.ent
Type            ENTRY
Input Data      <<CSPro DB>> /storage/emulated/0/Android/data/gov.census.cspro.csentry/files/csentry/FEICOM2025/MASQUE/DATA/ENS1113.csdb

Date            May 10, 2025
Start Time      08:59:10
End Time        10:01:27


System messages:

  Number        Freq         Message Text                                                                               
  ------        ----         ------------                                                                               
   88889           3         ATTENTION: Hors valeurs valides! Entrer une valeur valide pour %s%s                        
   99990           3         Operator entered a value out of range                                                      

User numbered messages:

  Number        Freq    %    Message Text                                                                          Denom
  ------        ----  -----  ------------                                                                          -----
       1           2      -  Nom trop court                                                                            -

User unnumbered messages:

    Line        Freq    %    Message Text                                                                          Denom
    ----        ----  -----  ------------                                                                          -----
     437           1      -  Votre questionnaire a été bien enregistré                                                 -


CSPro Executor Normal End
------------------------------------------------------------------------------------------------------------------------
Application     /storage/emulated/0/Android/data/gov.census.cspro.csentry/files/csentry/FEICOM2025/MASQUE/ENTRY/ENSEIGNANT.ent
Type            ENTRY
Input Data      <<CSPro DB>> /storage/emulated/0/Android/data/gov.census.cspro.csentry/files/csentry/FEICOM2025/MASQUE/DATA/ENS1113.csdb

Date            May 10, 2025
Start Time      10:01:33
End Time        10:01:40


System messages:

  Number        Freq         Message Text                                                                               
  ------        ----         ------------                                                                               
   88889           3         ATTENTION: Hors valeurs valides! Entrer une valeur valide pour %s%s                        
   99990           3         Operator entered a value out of range                                                      

User numbered messages:

  Number        Freq    %    Message Text                                                                          Denom
  ------        ----  -----  ------------                                                                          -----
       1           2      -  Nom trop court                                                                            -

User unnumbered messages:

    Line        Freq    %    Message Text                                                                          Denom
    ----        ----  -----  ------------                                                                          -----
     437           1      -  Votre questionnaire a été bien enregistré                                                 -


CSPro Executor Normal End
------------------------------------------------------------------------------------------------------------------------
