Application     /storage/emulated/0/Android/data/gov.census.cspro.csentry/files/csentry/FEICOM2025/MASQUE/ENTRY/MAIRE.ent
Type            ENTRY
Input Data      <<CSPro DB>> /storage/emulated/0/Android/data/gov.census.cspro.csentry/files/csentry/FEICOM2025/MASQUE/DATA/MA1114.csdb

Date            May 10, 2025
Start Time      10:00:00
End Time        10:00:00


***  has 1 message (0 E / 0 W / 0 U)
    A    1010 Application error: protected field MS00Q08 is out of range - value is  NOTAPPL


CSPro Executor Normal End
------------------------------------------------------------------------------------------------------------------------
Application     /storage/emulated/0/Android/data/gov.census.cspro.csentry/files/csentry/FEICOM2025/MASQUE/ENTRY/MAIRE.ent
Type            ENTRY
Input Data      <<CSPro DB>> /storage/emulated/0/Android/data/gov.census.cspro.csentry/files/csentry/FEICOM2025/MASQUE/DATA/MA1114.csdb

Date            May 10, 2025
Start Time      10:00:07
End Time        10:00:07


***  has 1 message (0 E / 0 W / 0 U)
    A    1010 Application error: protected field MS00Q08 is out of range - value is  NOTAPPL


CSPro Executor Normal End
------------------------------------------------------------------------------------------------------------------------
Application     /storage/emulated/0/Android/data/gov.census.cspro.csentry/files/csentry/FEICOM2025/MASQUE/ENTRY/MAIRE.ent
Type            ENTRY
Input Data      <<CSPro DB>> /storage/emulated/0/Android/data/gov.census.cspro.csentry/files/csentry/FEICOM2025/MASQUE/DATA/MA1114.csdb

Date            May 10, 2025
Start Time      10:00:11
End Time        10:00:11


***  has 1 message (0 E / 0 W / 0 U)
    A    1010 Application error: protected field MS00Q08 is out of range - value is  NOTAPPL


CSPro Executor Normal End
------------------------------------------------------------------------------------------------------------------------
Application     /storage/emulated/0/Android/data/gov.census.cspro.csentry/files/csentry/FEICOM2025/MASQUE/ENTRY/MAIRE.ent
Type            ENTRY
Input Data      <<CSPro DB>> /storage/emulated/0/Android/data/gov.census.cspro.csentry/files/csentry/FEICOM2025/MASQUE/DATA/MA1114.csdb

Date            May 10, 2025
Start Time      10:00:52
End Time        10:00:53


***  has 1 message (0 E / 0 W / 0 U)
    A    1010 Application error: protected field MS00Q08 is out of range - value is  NOTAPPL


CSPro Executor Normal End
------------------------------------------------------------------------------------------------------------------------
Application     /storage/emulated/0/Android/data/gov.census.cspro.csentry/files/csentry/FEICOM2025/MASQUE/ENTRY/MAIRE.ent
Type            ENTRY
Input Data      <<CSPro DB>> /storage/emulated/0/Android/data/gov.census.cspro.csentry/files/csentry/FEICOM2025/MASQUE/DATA/MA1114.csdb

Date            May 10, 2025
Start Time      11:35:10
End Time        11:44:01


User unnumbered messages:

    Line        Freq    %    Message Text                                                                          Denom
    ----        ----  -----  ------------                                                                          -----
     240           1      -  Votre questionnaire a été bien enregistré                                                 -


CSPro Executor Normal End
------------------------------------------------------------------------------------------------------------------------
