Application     /storage/emulated/0/Android/data/gov.census.cspro.csentry/files/csentry/ARSEL2025/MASQUE/ENTRY/ENEO_MT.ent
Type            ENTRY
Input Data      <<CSPro DB>> /storage/emulated/0/Android/data/gov.census.cspro.csentry/files/csentry/ARSEL2025/MASQUE/DATA/MT1121.csdb

Date            May 07, 2025
Start Time      10:38:42
End Time        11:13:34


System messages:

  Number        Freq         Message Text                                                                               
  ------        ----         ------------                                                                               
   88889           2         ATTENTION: Hors valeurs valides! Entrer une valeur valide pour %s%s                        
   99990           2         Operator entered a value out of range                                                      

User unnumbered messages:

    Line        Freq    %    Message Text                                                                          Denom
    ----        ----  -----  ------------                                                                          -----
     290           2      -  Votre questionnaire MT a été bien enregistré                                              -


CSPro Executor Normal End
------------------------------------------------------------------------------------------------------------------------
Application     /storage/emulated/0/Android/data/gov.census.cspro.csentry/files/csentry/ARSEL2025/MASQUE/ENTRY/ENEO_MT.ent
Type            ENTRY
Input Data      <<CSPro DB>> /storage/emulated/0/Android/data/gov.census.cspro.csentry/files/csentry/ARSEL2025/MASQUE/DATA/MT1121.csdb

Date            May 07, 2025
Start Time      11:14:11
End Time        11:15:06


User unnumbered messages:

    Line        Freq    %    Message Text                                                                          Denom
    ----        ----  -----  ------------                                                                          -----
     290           1      -  Votre questionnaire MT a été bien enregistré                                              -


CSPro Executor Normal End
------------------------------------------------------------------------------------------------------------------------
Application     /storage/emulated/0/Android/data/gov.census.cspro.csentry/files/csentry/ARSEL2025/MASQUE/ENTRY/ENEO_MT.ent
Type            ENTRY
Input Data      <<CSPro DB>> /storage/emulated/0/Android/data/gov.census.cspro.csentry/files/csentry/ARSEL2025/MASQUE/DATA/MT1121.csdb

Date            May 07, 2025
Start Time      11:54:57
End Time        12:05:48


System messages:

  Number        Freq         Message Text                                                                               
  ------        ----         ------------                                                                               
   92103           1         New case ids '%s'. Old ids were '%s'.                                                      

User unnumbered messages:

    Line        Freq    %    Message Text                                                                          Denom
    ----        ----  -----  ------------                                                                          -----
     290           1      -  Votre questionnaire MT a été bien enregistré                                              -


CSPro Executor Normal End
------------------------------------------------------------------------------------------------------------------------
Application     /storage/emulated/0/Android/data/gov.census.cspro.csentry/files/csentry/ARSEL2025/MASQUE/ENTRY/ENEO_MT.ent
Type            ENTRY
Input Data      <<CSPro DB>> /storage/emulated/0/Android/data/gov.census.cspro.csentry/files/csentry/ARSEL2025/MASQUE/DATA/MT1121.csdb

Date            May 07, 2025
Start Time      12:05:52
End Time        12:06:03


System messages:

  Number        Freq         Message Text                                                                               
  ------        ----         ------------                                                                               
   92103           1         New case ids '%s'. Old ids were '%s'.                                                      

User unnumbered messages:

    Line        Freq    %    Message Text                                                                          Denom
    ----        ----  -----  ------------                                                                          -----
     290           2      -  Votre questionnaire MT a été bien enregistré                                              -


CSPro Executor Normal End
------------------------------------------------------------------------------------------------------------------------
